nohup: ignoring input
[  0%] Built target libkineto_defs.bzl
[  0%] Built target defs.bzl
[  0%] Built target mkrename_gnuabi
[  0%] Built target nvfuser_rt_broadcast
[  0%] Built target nccl_external
[  0%] Built target nvfuser_rt_fp16_support
[  0%] Built target nvfuser_rt_grid_reduction
[  0%] Built target nvfuser_rt_block_reduction
[  2%] Built target nvfuser_rt_random_numbers
[  2%] Built target fmt
[  2%] Built target common
[  2%] Built target mkmasked_gnuabi
[  2%] Built target arraymap
[  2%] Built target nvfuser_rt_PhiloxCudaStateRaw
[  2%] Built target mkrename
[  2%] Built target foxi_loader
[  2%] Built target addSuffix
[  2%] Built target gen_torch_version
[  2%] Built target torch_global_deps
[  2%] Built target nvfuser_rt_UnpackRaw
[  2%] Built target mkdisp
[  2%] Built target nvfuser_rt_tensor
[  2%] Built target clog
[  2%] Built target nvfuser_rt_helpers
[  2%] Built target kineto_api
[  2%] Built target caffe2_nvrtc
[  2%] Built target gtest
[  2%] Built target pthreadpool
[  2%] Built target mkalias
[  3%] Built target benchmark
[  3%] Built target ATEN_CPU_FILES_GEN_TARGET
[  3%] Built target renameAVX2128.h_generated
[  3%] Built target ATEN_CUDA_FILES_GEN_TARGET
[  3%] Built target renamedsp128.h_generated
[  3%] Built target breakpad_common
[  3%] Built target renamedsp256.h_generated
[  3%] Built target generate-torch-sources
[  3%] Built target renameSSE2.h_generated
[  3%] Built target dispavx.c_generated
[  3%] Built target renameFMA4.h_generated
[  3%] Built target dispsse.c_generated
[  3%] Built target renameSSE4.h_generated
[  4%] Built target fbgemm_avx512
[  4%] Built target renameAVX.h_generated
[  4%] Built target renamePUREC_SCALAR.h_generated
[  4%] Built target renameAVX2.h_generated
[  4%] Built target renameAVX512F.h_generated
[  5%] Built target renamePURECFMA_SCALAR.h_generated
[  5%] Built target fbgemm_avx2
[  5%] Built target headers
[  5%] Built target renameAVX512FNOFMA.h_generated
[  5%] Built target alias_avx512f.h_generated
[  5%] Built target gtest_main
[  5%] Built target kineto_base
[  5%] Built target benchmark_main
[  5%] Built target libprotobuf-lite
[  5%] Built target gloo
[  5%] Built target gmock
[  5%] Built target nnpack_reference_layers
[  5%] Built target torch_python_stubs
[  5%] Built target tensorpipe_uv
[  5%] Built target __aten_op_header_gen
[  5%] Built target sleefsse2
[  6%] Built target sleefdetsse2
[  6%] Built target cpuinfo
[  6%] Built target sleeffma4
[  6%] Built target cpuinfo_internals
[  6%] Built target sleefavx2128
[  6%] Built target sleefdetavx2128
[  6%] Built target sleefsse4
[  6%] Built target sleefdetsse4
[  6%] Built target dispsse_obj
[  6%] Built target sleefdetfma4
[  6%] Built target sleefavx
[  6%] Built target sleefdetavx
[  7%] Built target sleefdetavx512fnofma
[  7%] Built target sleefpurec_scalar
[  7%] Built target dispavx_obj
[  7%] Built target kineto
[  7%] Built target sleefdetavx2
[  7%] Built target sleefavx512f
[  7%] Built target sleefpurecfma_scalar
[  7%] Built target sleefdetavx512f
[  7%] Built target sleefavx2
[  7%] Built target sleefavx512fnofma
[  7%] Built target sleefdetpurecfma_scalar
[  7%] Built target sleefdetpurec_scalar
[  7%] Built target breakpad
[  7%] Built target gmock_main
[  7%] Built target asmjit
[  8%] Built target c10
[  8%] Built target fbgemm_generic
[  8%] Built target nnpack
[  8%] Built target gloo_cuda
[  9%] Built target dnnl_common
[  9%] Built target sleef
[  9%] Built target c10_ThreadLocal_test
[  9%] Built target c10_accumulate_test
[  9%] Built target c10_flags_test
[  9%] Built target c10_Array_test
[  9%] Built target c10_ConstexprCrc_test
[  9%] Built target c10_SizesAndStrides_test
[  9%] Built target c10_LeftRight_test
[  9%] Built target c10_StreamGuard_test
[  9%] Built target c10_registry_test
[  9%] Built target c10_bfloat16_test
[  9%] Built target fbgemm
[  9%] Built target c10_complex_math_test
[  9%] Built target c10_tempfile_test
[  9%] Built target c10_ordered_preserving_dict_test
[  9%] Built target c10_intrusive_ptr_benchmark
[  9%] Built target c10_string_view_test
[  9%] Built target qnnpack
[  9%] Built target c10_typeid_test
[  9%] Built target c10_InlineDeviceGuard_test
[  9%] Built target c10_intrusive_ptr_test
[  9%] Built target c10_exception_test
[  9%] Built target c10_TypeTraits_test
[  9%] Built target c10_C++17_test
[  9%] Built target c10_logging_test
[ 10%] Built target c10_InlineStreamGuard_test
[ 11%] Built target libprotobuf
[ 11%] Built target c10_CompileTimeFunctionPointer_test
[ 12%] Built target c10_TypeIndex_test
[ 12%] Built target c10_TypeList_test
[ 12%] Built target c10_either_test
[ 12%] Built target c10_Half_test
[ 12%] Built target c10_irange_test
[ 12%] Built target c10_optional_test
[ 12%] Built target c10_Device_test
[ 12%] Built target c10_cuda
[ 13%] Built target c10_complex_test
[ 13%] Built target pytorch_qnnpack
[ 13%] Built target c10_Bitset_test
[ 13%] Built target c10_Metaprogramming_test
[ 13%] Built target c10_DispatchKeySet_test
[ 13%] Built target c10_DeviceGuard_test
[ 13%] Built target c10_cuda_CUDATest
[ 13%] Built target vec_test_all_types_DEFAULT
[ 13%] Built target vec_test_all_types_AVX2
[ 20%] Built target tensorpipe
[ 24%] Built target python_copy_files
[ 25%] Built target dnnl_cpu
[ 25%] Built target tensorpipe_cuda
[ 28%] Built target dnnl_cpu_x64
[ 29%] Built target libprotoc
[ 29%] Built target protoc
[ 29%] Built target dnnl
[ 29%] Built target gen_onnx_proto
[ 29%] Built target compat_libs
[ 29%] Built target Caffe2_PROTO
[ 30%] Built target onnx_proto
[ 30%] Built target caffe2_protos
[ 30%] Built target Caffe2_perfkernels_avx512
[ 30%] Built target caffe2_dnnlowp_avx2_ops
[ 30%] Built target Caffe2_perfkernels_avx
[ 30%] Built target Caffe2_perfkernels_avx2
[ 30%] Built target onnx
[ 61%] Built target XNNPACK
caffe2/CMakeFiles/torch_cpu.dir/build.make:36670: recipe for target 'caffe2/CMakeFiles/torch_cpu.dir/depend' failed
make[2]: *** [caffe2/CMakeFiles/torch_cpu.dir/depend] Interrupt
CMakeFiles/Makefile2:7806: recipe for target 'caffe2/CMakeFiles/torch_cpu.dir/all' failed
make[1]: *** [caffe2/CMakeFiles/torch_cpu.dir/all] Interrupt
Makefile:140: recipe for target 'all' failed
make: *** [all] Interrupt
Building wheel torch-1.10.0a0+git36449ea
-- Building version 1.10.0a0+git36449ea
cmake --build . --target install --config Release -- -j 64
