[  0%] Built target nccl_external
[  0%] Built target mkdisp
[  0%] Built target nvfuser_rt_fp16_support
[  0%] Built target nvfuser_rt_tensor
[  0%] Built target common
[  0%] Built target defs.bzl
[  0%] Built target clog
[  0%] Built target nvfuser_rt_grid_reduction
[  1%] Built target nvfuser_rt_PhiloxCudaStateRaw
[  1%] Built target mkrename_gnuabi
[  1%] Built target fmt
[  1%] Built target nvfuser_rt_block_reduction
[  1%] Built target caffe2_nvrtc
[  1%] Built target kineto_api
[  1%] Built target mkalias
[  1%] Built target nvfuser_rt_UnpackRaw
[  2%] Built target mkmasked_gnuabi
[  2%] Built target arraymap
[  2%] Built target mkrename
[  3%] Built target benchmark
[  3%] Built target torch_global_deps
[  3%] Built target addSuffix
[  3%] Built target pthreadpool
[  3%] Built target ATEN_CPU_FILES_GEN_TARGET
[  3%] Built target nvfuser_rt_random_numbers
[  3%] Built target gen_torch_version
[  3%] Built target foxi_loader
[  3%] Built target gtest
[  3%] Built target nvfuser_rt_broadcast
[  3%] Built target libkineto_defs.bzl
[  3%] Built target ATEN_CUDA_FILES_GEN_TARGET
[  3%] Built target breakpad_common
[  3%] Built target nvfuser_rt_helpers
[  3%] Built target generate-torch-sources
[  3%] Built target alias_avx512f.h_generated
[  3%] Built target dispavx.c_generated
[  3%] Built target tensorpipe_uv
[  3%] Built target gloo
[  3%] Built target dispsse.c_generated
[  3%] Built target libprotobuf-lite
[  3%] Built target renamedsp256.h_generated
[  3%] Built target renamePUREC_SCALAR.h_generated
[  5%] Built target headers
[  5%] Built target fbgemm_avx512
[  5%] Built target renameFMA4.h_generated
[  5%] Built target renameAVX512FNOFMA.h_generated
[  5%] Built target benchmark_main
[  5%] Built target renamedsp128.h_generated
[  5%] Built target renameSSE2.h_generated
[  5%] Built target torch_python_stubs
[  5%] Built target cpuinfo_internals
[  5%] Built target renameSSE4.h_generated
[  5%] Built target fbgemm_avx2
[  5%] Built target renameAVX512F.h_generated
[  5%] Built target renameAVX2.h_generated
[  5%] Built target gmock
[  5%] Built target renamePURECFMA_SCALAR.h_generated
[  5%] Built target gtest_main
[  5%] Built target renameAVX.h_generated
[  6%] Built target renameAVX2128.h_generated
[  6%] Built target cpuinfo
[  6%] Built target __aten_op_header_gen
[  6%] Built target nnpack_reference_layers
[  6%] Built target asmjit
[  7%] Built target sleefpurec_scalar
[  7%] Built target breakpad
[  7%] Built target kineto_base
[  7%] Built target dispavx_obj
[  7%] Built target sleefdetfma4
[  7%] Built target sleeffma4
[  7%] Built target sleefavx512fnofma
[  7%] Built target sleefdetavx512fnofma
[  7%] Built target sleefdetpurec_scalar
[  8%] Built target c10
[  8%] Built target sleefdetsse2
[  8%] Built target dispsse_obj
[  8%] Built target sleefsse2
[  9%] Built target sleefdetsse4
[  9%] Built target dnnl_common
[  9%] Built target sleefavx512f
[  9%] Built target sleefavx
[  9%] Built target sleefdetavx
[  9%] Built target sleefsse4
[  9%] Built target gmock_main
[  9%] Built target sleefavx2
[  9%] Built target sleefdetavx2
[  9%] Built target sleefdetavx512f
[  9%] Built target sleefpurecfma_scalar
[  9%] Built target sleefavx2128
[  9%] Built target sleefdetpurecfma_scalar
[  9%] Built target gloo_cuda
[  9%] Built target fbgemm_generic
[  9%] Built target sleefdetavx2128
[  9%] Built target kineto
[ 11%] Built target nnpack
[ 12%] Built target c10_bfloat16_test
[ 13%] Built target c10_accumulate_test
[ 19%] Built target python_copy_files
[ 19%] Built target c10_StreamGuard_test
[ 19%] Built target c10_DeviceGuard_test
[ 19%] Built target c10_ThreadLocal_test
[ 19%] Built target c10_ordered_preserving_dict_test
[ 19%] Built target c10_Array_test
[ 19%] Built target c10_flags_test
[ 19%] Built target c10_SizesAndStrides_test
[ 19%] Built target c10_C++17_test
[ 19%] Built target qnnpack
[ 19%] Built target c10_InlineStreamGuard_test
[ 19%] Built target c10_CompileTimeFunctionPointer_test
[ 19%] Built target c10_Device_test
[ 20%] Built target c10_TypeIndex_test
[ 20%] Built target fbgemm
[ 20%] Built target c10_TypeTraits_test
[ 20%] Built target c10_ConstexprCrc_test
[ 20%] Built target c10_exception_test
[ 20%] Built target c10_registry_test
[ 20%] Built target c10_irange_test
[ 20%] Built target c10_typeid_test
[ 20%] Built target c10_intrusive_ptr_test
[ 20%] Built target c10_InlineDeviceGuard_test
[ 20%] Built target c10_intrusive_ptr_benchmark
[ 20%] Built target c10_Metaprogramming_test
[ 20%] Built target c10_logging_test
[ 20%] Built target c10_LeftRight_test
[ 20%] Built target c10_DispatchKeySet_test
[ 20%] Built target c10_complex_math_test
[ 20%] Built target c10_Half_test
[ 20%] Built target c10_tempfile_test
[ 20%] Built target c10_complex_test
[ 20%] Built target c10_string_view_test
[ 20%] Built target c10_either_test
[ 20%] Built target c10_cuda
[ 20%] Built target c10_TypeList_test
[ 21%] Built target sleef
[ 21%] Built target pytorch_qnnpack
[ 21%] Built target c10_optional_test
[ 21%] Built target c10_Bitset_test
[ 23%] Built target libprotobuf
[ 24%] Built target tensorpipe
[ 24%] Built target c10_cuda_CUDATest
[ 24%] Built target vec_test_all_types_DEFAULT
[ 24%] Built target vec_test_all_types_AVX2
[ 25%] Built target dnnl_cpu
[ 25%] Built target tensorpipe_cuda
[ 28%] Built target dnnl_cpu_x64
[ 29%] Built target libprotoc
[ 29%] Built target dnnl
[ 29%] Built target protoc
third_party/onnx/CMakeFiles/gen_onnx_proto.dir/build.make:91: recipe for target 'third_party/onnx/CMakeFiles/gen_onnx_proto.dir/depend' failed
make[2]: *** [third_party/onnx/CMakeFiles/gen_onnx_proto.dir/depend] Interrupt
CMakeFiles/Makefile2:16712: recipe for target 'caffe2/proto/CMakeFiles/Caffe2_PROTO.dir/all' failed
make[1]: *** [caffe2/proto/CMakeFiles/Caffe2_PROTO.dir/all] Interrupt
CMakeFiles/Makefile2:2971: recipe for target 'third_party/onnx/CMakeFiles/gen_onnx_proto.dir/all' failed
make[1]: *** [third_party/onnx/CMakeFiles/gen_onnx_proto.dir/all] Interrupt
third_party/ideep/mkl-dnn/src/CMakeFiles/compat_libs.dir/build.make:80: recipe for target 'third_party/ideep/mkl-dnn/src/CMakeFiles/compat_libs.dir/depend' failed
make[2]: *** [third_party/ideep/mkl-dnn/src/CMakeFiles/compat_libs.dir/depend] Interrupt
CMakeFiles/Makefile2:3303: recipe for target 'third_party/ideep/mkl-dnn/src/CMakeFiles/compat_libs.dir/all' failed
make[1]: *** [third_party/ideep/mkl-dnn/src/CMakeFiles/compat_libs.dir/all] Interrupt
confu-deps/XNNPACK/CMakeFiles/XNNPACK.dir/build.make:58945: recipe for target 'confu-deps/XNNPACK/CMakeFiles/XNNPACK.dir/depend' failed
make[2]: *** [confu-deps/XNNPACK/CMakeFiles/XNNPACK.dir/depend] Interrupt
CMakeFiles/Makefile2:806: recipe for target 'confu-deps/XNNPACK/CMakeFiles/XNNPACK.dir/all' failed
make[1]: *** [confu-deps/XNNPACK/CMakeFiles/XNNPACK.dir/all] Interrupt
Makefile:140: recipe for target 'all' failed
make: *** [all] Interrupt
Building wheel torch-1.10.0a0+git36449ea
-- Building version 1.10.0a0+git36449ea
cmake --build . --target install --config Release -- -j 64
